2025-11-27 12:13:09,618 - INFO - Iniciando pipeline ETL de criptomonedas...
2025-11-27 12:13:09,618 - DEBUG - Extrayendo datos de la API...
2025-11-27 12:13:09,622 - DEBUG - Starting new HTTPS connection (1): api.coingecko.com:443
2025-11-27 12:13:10,458 - DEBUG - https://api.coingecko.com:443 "GET /api/v3/coins/markets?vs_currency=usd&order=market_cap_desc&per_page=10&page=1&sparkline=False HTTP/1.1" 200 None
2025-11-27 12:13:10,478 - INFO - Guardando archivo CSV...
2025-11-27 12:13:10,487 - DEBUG - Cargando datos a SQL Server...
2025-11-27 12:13:10,705 - INFO - Pipeline completado exitosamente.
2025-11-27 12:15:05,289 - INFO - Iniciando pipeline ETL de criptomonedas...
2025-11-27 12:15:05,289 - DEBUG - Extrayendo datos de la API...
2025-11-27 12:15:05,291 - DEBUG - Starting new HTTPS connection (1): api.coingecko.com:443
2025-11-27 12:15:06,169 - DEBUG - https://api.coingecko.com:443 "GET /api/v3/coins/markets?vs_currency=usd&order=market_cap_desc&per_page=10&page=1&sparkline=False HTTP/1.1" 200 None
2025-11-27 12:15:06,172 - INFO - Guardando archivo CSV...
2025-11-27 12:15:06,175 - DEBUG - Cargando datos a SQL Server...
2025-11-27 12:15:06,354 - INFO - Pipeline completado exitosamente.
2025-11-27 12:16:01,943 - INFO - Iniciando pipeline ETL de criptomonedas...
2025-11-27 12:16:01,943 - DEBUG - Extrayendo datos de la API...
2025-11-27 12:16:01,944 - DEBUG - Starting new HTTPS connection (1): api.coingecko.com:443
2025-11-27 12:16:02,567 - DEBUG - https://api.coingecko.com:443 "GET /api/v3/coins/markets?vs_currency=usd&order=market_cap_desc&per_page=10&page=1&sparkline=False HTTP/1.1" 200 None
2025-11-27 12:16:02,570 - INFO - Guardando archivo CSV...
2025-11-27 12:16:02,573 - DEBUG - Cargando datos a SQL Server...
2025-11-27 12:16:02,709 - INFO - Pipeline completado exitosamente.
2025-11-27 12:17:05,381 - INFO - Iniciando pipeline ETL de criptomonedas...
2025-11-27 12:17:05,381 - DEBUG - Extrayendo datos de la API...
2025-11-27 12:17:05,382 - DEBUG - Starting new HTTPS connection (1): api.coingecko.com:443
2025-11-27 12:17:06,173 - DEBUG - https://api.coingecko.com:443 "GET /api/v3/coins/markets?vs_currency=usd&order=market_cap_desc&per_page=10&page=1&sparkline=False HTTP/1.1" 200 None
2025-11-27 12:17:06,176 - INFO - Guardando archivo CSV...
2025-11-27 12:17:06,179 - DEBUG - Cargando datos a SQL Server...
2025-11-27 12:23:57,870 - INFO - Iniciando pipeline ETL de criptomonedas...
2025-11-27 12:23:57,870 - DEBUG - Extrayendo datos de la API...
2025-11-27 12:23:57,871 - DEBUG - Starting new HTTPS connection (1): api.coingecko.com:443
2025-11-27 12:23:58,661 - DEBUG - https://api.coingecko.com:443 "GET /api/v3/coins/markets?vs_currency=usd&order=market_cap_desc&per_page=10&page=1&sparkline=False HTTP/1.1" 200 None
2025-11-27 12:23:58,669 - INFO - Guardando archivo CSV...
2025-11-27 12:23:58,672 - DEBUG - Cargando datos a SQL Server...
2025-11-27 12:23:58,831 - INFO - Pipeline completado exitosamente.
2025-11-27 12:36:33,594 - INFO - Iniciando pipeline ETL de criptomonedas...
2025-11-27 12:36:33,594 - DEBUG - Extrayendo datos de la API...
2025-11-27 12:36:33,595 - DEBUG - Starting new HTTPS connection (1): api.coingecko.com:443
2025-11-27 12:36:34,417 - DEBUG - https://api.coingecko.com:443 "GET /api/v3/coins/markets?vs_currency=usd&order=market_cap_desc&per_page=10&page=1&sparkline=False HTTP/1.1" 200 None
2025-11-27 12:36:34,423 - INFO - Guardando archivo CSV...
2025-11-27 12:36:34,428 - DEBUG - Cargando datos a SQL Server...
2025-11-27 12:36:34,590 - INFO - Pipeline completado exitosamente.
2025-11-27 12:37:37,024 - INFO - Iniciando pipeline ETL de criptomonedas...
2025-11-27 12:37:37,024 - DEBUG - Extrayendo datos de la API...
2025-11-27 12:37:37,025 - DEBUG - Starting new HTTPS connection (1): api.coingecko.com:443
2025-11-27 12:37:37,813 - DEBUG - https://api.coingecko.com:443 "GET /api/v3/coins/markets?vs_currency=usd&order=market_cap_desc&per_page=10&page=1&sparkline=False HTTP/1.1" 200 None
2025-11-27 12:37:37,816 - INFO - Guardando archivo CSV...
2025-11-27 12:37:37,820 - DEBUG - Cargando datos a SQL Server...
2025-11-27 12:37:37,974 - INFO - Pipeline completado exitosamente.
2025-12-02 08:59:56,315 - INFO - Iniciando pipeline ETL de criptomonedas...
2025-12-02 08:59:56,316 - DEBUG - Extrayendo datos de la API...
2025-12-02 08:59:56,318 - DEBUG - Starting new HTTPS connection (1): api.coingecko.com:443
2025-12-02 08:59:56,950 - DEBUG - https://api.coingecko.com:443 "GET /api/v3/coins/markets?vs_currency=usd&order=market_cap_desc&per_page=10&page=1&sparkline=False HTTP/1.1" 200 None
2025-12-02 08:59:56,966 - INFO - Guardando archivo CSV...
2025-12-02 08:59:56,974 - DEBUG - Cargando datos a SQL Server...
2025-12-02 08:59:57,226 - INFO - Pipeline completado exitosamente.
2025-12-02 09:18:53,147 - INFO - Iniciando pipeline ETL de criptomonedas...
2025-12-02 09:18:53,147 - DEBUG - Extrayendo datos de la API...
2025-12-02 09:18:53,149 - DEBUG - Starting new HTTPS connection (1): api.coingecko.com:443
2025-12-02 09:18:53,759 - DEBUG - https://api.coingecko.com:443 "GET /api/v3/coins/markets?vs_currency=usd&order=market_cap_desc&per_page=10&page=1&sparkline=False HTTP/1.1" 200 None
2025-12-02 09:18:53,761 - INFO - Guardando archivo CSV...
2025-12-02 09:18:53,764 - DEBUG - Cargando datos a SQL Server...
2025-12-02 09:23:49,331 - INFO - Iniciando pipeline ETL de criptomonedas...
2025-12-02 09:23:49,331 - DEBUG - Extrayendo datos de la API...
2025-12-02 09:23:49,333 - DEBUG - Starting new HTTPS connection (1): api.coingecko.com:443
2025-12-02 09:23:49,952 - DEBUG - https://api.coingecko.com:443 "GET /api/v3/coins/markets?vs_currency=usd&order=market_cap_desc&per_page=10&page=1&sparkline=False HTTP/1.1" 200 None
2025-12-02 09:23:49,957 - INFO - Guardando archivo CSV...
2025-12-02 09:23:49,961 - DEBUG - Cargando datos a SQL Server...
2025-12-02 09:23:50,108 - INFO - Pipeline completado exitosamente.
2025-12-02 09:30:20,276 - INFO - Iniciando pipeline ETL de criptomonedas...
2025-12-02 09:30:20,277 - DEBUG - Extrayendo datos de la API...
2025-12-02 09:30:20,278 - DEBUG - Starting new HTTPS connection (1): api.coingecko.com:443
2025-12-02 09:30:20,866 - DEBUG - https://api.coingecko.com:443 "GET /api/v3/coins/markets?vs_currency=usd&order=market_cap_desc&per_page=10&page=1&sparkline=False HTTP/1.1" 200 None
2025-12-02 09:30:20,871 - INFO - Guardando archivo CSV...
2025-12-02 09:30:20,873 - DEBUG - Cargando datos a SQL Server...
2025-12-02 09:30:21,040 - INFO - Pipeline completado exitosamente.
2025-12-02 09:37:02,993 - INFO - Iniciando pipeline ETL de criptomonedas...
2025-12-02 09:37:02,993 - DEBUG - Extrayendo datos de la API...
2025-12-02 09:37:02,995 - DEBUG - Starting new HTTPS connection (1): api.coingecko.com:443
2025-12-02 09:37:03,575 - DEBUG - https://api.coingecko.com:443 "GET /api/v3/coins/markets?vs_currency=usd&order=market_cap_desc&per_page=10&page=1&sparkline=False HTTP/1.1" 200 None
2025-12-02 09:37:03,579 - INFO - Guardando archivo CSV...
2025-12-02 09:37:03,582 - DEBUG - Cargando datos a SQL Server...
2025-12-02 09:37:03,735 - INFO - Pipeline completado exitosamente.
2025-12-02 09:40:30,183 - INFO - Iniciando pipeline ETL de criptomonedas...
2025-12-02 09:40:30,183 - DEBUG - Extrayendo datos de la API...
2025-12-02 09:40:30,185 - DEBUG - Starting new HTTPS connection (1): api.coingecko.com:443
2025-12-02 09:40:30,801 - DEBUG - https://api.coingecko.com:443 "GET /api/v3/coins/markets?vs_currency=usd&order=market_cap_desc&per_page=10&page=1&sparkline=False HTTP/1.1" 200 None
2025-12-02 09:40:30,804 - INFO - Guardando archivo CSV...
2025-12-02 09:40:30,807 - DEBUG - Cargando datos a SQL Server...
2025-12-02 09:40:30,958 - INFO - Pipeline completado exitosamente.
2025-12-02 11:09:36,569 - INFO - Iniciando pipeline ETL de criptomonedas...
2025-12-02 11:09:36,569 - DEBUG - Extrayendo datos de la API...
2025-12-02 11:09:36,571 - DEBUG - Starting new HTTPS connection (1): api.coingecko.com:443
2025-12-02 11:09:37,237 - DEBUG - https://api.coingecko.com:443 "GET /api/v3/coins/markets?vs_currency=usd&order=market_cap_desc&per_page=10&page=1&sparkline=False HTTP/1.1" 200 None
2025-12-02 11:09:37,253 - INFO - Guardando archivo CSV...
2025-12-02 11:09:37,258 - DEBUG - Cargando datos a SQL Server...
2025-12-02 11:09:37,486 - INFO - Pipeline completado exitosamente.
2025-12-02 11:14:01,361 - INFO - Iniciando pipeline ETL de criptomonedas...
2025-12-02 11:14:01,361 - DEBUG - Extrayendo datos de la API...
2025-12-02 11:14:01,362 - DEBUG - Starting new HTTPS connection (1): api.coingecko.com:443
2025-12-02 11:14:02,102 - DEBUG - https://api.coingecko.com:443 "GET /api/v3/coins/markets?vs_currency=usd&order=market_cap_desc&per_page=10&page=1&sparkline=False HTTP/1.1" 200 None
2025-12-02 11:14:02,107 - INFO - Guardando archivo CSV...
2025-12-02 11:14:02,110 - DEBUG - Cargando datos a SQL Server...
2025-12-02 11:14:02,272 - INFO - Pipeline completado exitosamente.
2025-12-02 11:49:41,697 - INFO - Iniciando pipeline ETL de criptomonedas...
2025-12-02 11:49:41,697 - DEBUG - Extrayendo datos de la API...
2025-12-02 11:49:41,699 - DEBUG - Starting new HTTPS connection (1): api.coingecko.com:443
2025-12-02 11:49:42,504 - DEBUG - https://api.coingecko.com:443 "GET /api/v3/coins/markets?vs_currency=usd&order=market_cap_desc&per_page=10&page=1&sparkline=False HTTP/1.1" 200 None
2025-12-02 11:49:42,520 - INFO - Guardando archivo CSV...
2025-12-02 11:49:42,526 - DEBUG - Cargando datos a SQL Server...
2025-12-02 11:49:42,827 - INFO - Pipeline completado exitosamente.
2025-12-02 11:57:31,412 - INFO - Iniciando pipeline ETL de criptomonedas...
2025-12-02 11:57:31,413 - DEBUG - Extrayendo datos de la API...
2025-12-02 11:57:31,417 - DEBUG - Starting new HTTPS connection (1): api.coingecko.com:443
2025-12-02 11:57:33,329 - DEBUG - https://api.coingecko.com:443 "GET /api/v3/coins/markets?vs_currency=usd&order=market_cap_desc&per_page=10&page=1&sparkline=False HTTP/1.1" 200 None
2025-12-02 11:57:33,354 - INFO - Guardando archivo CSV...
2025-12-02 11:57:33,367 - DEBUG - Cargando datos a SQL Server...
2025-12-02 11:57:33,836 - INFO - Pipeline completado exitosamente.
